<?xml version="1.0" encoding="UTF-8"?>
<testsuite xmlns:xsi="http://www.w3.org/2001/XMLSchema-instance" xsi:noNamespaceSchemaLocation="https://maven.apache.org/surefire/maven-surefire-plugin/xsd/surefire-test-report.xsd" name="ru.netology.RadioTest" time="0.016" tests="10" errors="0" skipped="0" failures="0">
  <properties>
[...]
</properties>
  <testcase name="shouldOffMaxCurrentVolume" classname="ru.netology.RadioTest" time="0.01"/>
  <testcase name="shouldSetPrevRadioStation" classname="ru.netology.RadioTest" time="0"/>
  <testcase name="changeTheRadioStationFromZeroToNine" classname="ru.netology.RadioTest" time="0"/>
  <testcase name="shouldSetMaxRadioStation" classname="ru.netology.RadioTest" time="0"/>
  <testcase name="shouldOffRadioStation" classname="ru.netology.RadioTest" time="0"/>
  <testcase name="shouldOnMoreMaxRadioStation" classname="ru.netology.RadioTest" time="0"/>
  <testcase name="shouldIncreaseVolume" classname="ru.netology.RadioTest" time="0"/>
  <testcase name="shouldDecreaseVolume" classname="ru.netology.RadioTest" time="0"/>
  <testcase name="turningOffTheVolumeFromNegativeValues" classname="ru.netology.RadioTest" time="0"/>
  <testcase name="shouldOnCurrentVolume" classname="ru.netology.RadioTest" time="0.001"/>
</testsuite>